nohup: ignoring input
"yreal2lm"
"Multipoles"
"Distinct Multipoles"
"multipole2numIntegralsRules"
"Slater-Koster transformations for multipoles"
{s, 0, 0, py, 1, -1, s, 0, 0, (y*SK[3])/Sqrt[x^2 + y^2 + z^2]}
{s, 0, 0, py, 1, -1, py, 1, -1, ((x^2 + z^2)*SK[1] + y^2*SK[4])/(x^2 + y^2 + z^2)}
{s, 0, 0, py, 1, -1, pz, 1, 0, (y*z*(-SK[1] + SK[4]))/(x^2 + y^2 + z^2)}
{s, 0, 0, py, 1, -1, px, 1, 1, (x*y*(-SK[1] + SK[4]))/(x^2 + y^2 + z^2)}
{s, 0, 0, py, 1, -1, dxy, 2, -2, (x*(x^2 - y^2 + z^2)*SK[2] + Sqrt[3]*x*y^2*SK[5])/(x^2 + y^2 + z^2)^(3/2)}
{s, 0, 0, py, 1, -1, dyz, 2, -1, (z*(x^2 - y^2 + z^2)*SK[2] + Sqrt[3]*y^2*z*SK[5])/(x^2 + y^2 + z^2)^(3/2)}
{s, 0, 0, py, 1, -1, dz2, 2, 0, -(y*(2*z^2*(Sqrt[3]*SK[2] - SK[5]) + (x^2 + y^2)*SK[5]))/(2*(x^2 + y^2 + z^2)^(3/2))}
{s, 0, 0, py, 1, -1, dzx, 2, 1, (x*y*z*(-2*SK[2] + Sqrt[3]*SK[5]))/(x^2 + y^2 + z^2)^(3/2)}
{s, 0, 0, py, 1, -1, dx2y2, 2, 2, (-2*y*(2*x^2 + z^2)*SK[2] + Sqrt[3]*(x - y)*y*(x + y)*SK[5])/(2*(x^2 + y^2 + z^2)^(3/2))}
{s, 0, 0, pz, 1, 0, s, 0, 0, (z*SK[3])/Sqrt[x^2 + y^2 + z^2]}
{s, 0, 0, pz, 1, 0, py, 1, -1, (y*z*(-SK[1] + SK[4]))/(x^2 + y^2 + z^2)}
{s, 0, 0, pz, 1, 0, pz, 1, 0, ((x^2 + y^2)*SK[1] + z^2*SK[4])/(x^2 + y^2 + z^2)}
{s, 0, 0, pz, 1, 0, px, 1, 1, (x*z*(-SK[1] + SK[4]))/(x^2 + y^2 + z^2)}
{s, 0, 0, pz, 1, 0, dxy, 2, -2, (x*y*z*(-2*SK[2] + Sqrt[3]*SK[5]))/(x^2 + y^2 + z^2)^(3/2)}
{s, 0, 0, pz, 1, 0, dyz, 2, -1, (y*(x^2 + y^2 - z^2)*SK[2] + Sqrt[3]*y*z^2*SK[5])/(x^2 + y^2 + z^2)^(3/2)}
{s, 0, 0, pz, 1, 0, dz2, 2, 0, ((x^2 + y^2)*z*(2*Sqrt[3]*SK[2] - SK[5]) + 2*z^3*SK[5])/(2*(x^2 + y^2 + z^2)^(3/2))}
{s, 0, 0, pz, 1, 0, dzx, 2, 1, (x*(x^2 + y^2 - z^2)*SK[2] + Sqrt[3]*x*z^2*SK[5])/(x^2 + y^2 + z^2)^(3/2)}
{s, 0, 0, pz, 1, 0, dx2y2, 2, 2, -((x - y)*(x + y)*z*(2*SK[2] - Sqrt[3]*SK[5]))/(2*(x^2 + y^2 + z^2)^(3/2))}
{s, 0, 0, px, 1, 1, s, 0, 0, (x*SK[3])/Sqrt[x^2 + y^2 + z^2]}
{s, 0, 0, px, 1, 1, py, 1, -1, (x*y*(-SK[1] + SK[4]))/(x^2 + y^2 + z^2)}
{s, 0, 0, px, 1, 1, pz, 1, 0, (x*z*(-SK[1] + SK[4]))/(x^2 + y^2 + z^2)}
{s, 0, 0, px, 1, 1, px, 1, 1, ((y^2 + z^2)*SK[1] + x^2*SK[4])/(x^2 + y^2 + z^2)}
{s, 0, 0, px, 1, 1, dxy, 2, -2, (y*((-x^2 + y^2 + z^2)*SK[2] + Sqrt[3]*x^2*SK[5]))/(x^2 + y^2 + z^2)^(3/2)}
{s, 0, 0, px, 1, 1, dyz, 2, -1, (x*y*z*(-2*SK[2] + Sqrt[3]*SK[5]))/(x^2 + y^2 + z^2)^(3/2)}
{s, 0, 0, px, 1, 1, dz2, 2, 0, -(x*(2*z^2*(Sqrt[3]*SK[2] - SK[5]) + (x^2 + y^2)*SK[5]))/(2*(x^2 + y^2 + z^2)^(3/2))}
{s, 0, 0, px, 1, 1, dzx, 2, 1, (z*((-x^2 + y^2 + z^2)*SK[2] + Sqrt[3]*x^2*SK[5]))/(x^2 + y^2 + z^2)^(3/2)}
{s, 0, 0, px, 1, 1, dx2y2, 2, 2, (2*x*(2*y^2 + z^2)*SK[2] + Sqrt[3]*x*(x - y)*(x + y)*SK[5])/(2*(x^2 + y^2 + z^2)^(3/2))}
{py, 1, -1, py, 1, -1, s, 0, 0, ((x^2 + z^2)*SK[6] + y^2*SK[13])/(x^2 + y^2 + z^2)}
{py, 1, -1, py, 1, -1, py, 1, -1, (y*(x^2 + z^2)*(SK[7] + 2*SK[8]) + y^3*SK[14])/(x^2 + y^2 + z^2)^(3/2)}
{py, 1, -1, py, 1, -1, pz, 1, 0, (z*((x^2 + z^2)*SK[7] + y^2*(-2*SK[8] + SK[14])))/(x^2 + y^2 + z^2)^(3/2)}
{py, 1, -1, py, 1, -1, px, 1, 1, (x*((x^2 + z^2)*SK[7] + y^2*(-2*SK[8] + SK[14])))/(x^2 + y^2 + z^2)^(3/2)}
{py, 1, -1, py, 1, -1, dxy, 2, -2, (x*y*((x^2 + y^2)*z^2*(y^2*(Sqrt[3]*SK[9] - SK[10] + 2*SK[11] - 2*SK[12]) + x^2*(Sqrt[3]*SK[9] + 2*SK[11] - SK[12])) - 2*y^2*z^4*(SK[10] + SK[12]) + (x^2 + y^2)^2*(x^2*(Sqrt[3]*SK[9] + 2*SK[11] - SK[12]) + y^2*(-2*SK[11] + Sqrt[3]*SK[15]))))/((x^2 + y^2)^2*(x^2 + y^2 + z^2)^2)}
{py, 1, -1, py, 1, -1, dyz, 2, -1, (y*z^3*(y^2*(Sqrt[3]*SK[9] + SK[10] + 2*SK[11]) + x^2*(Sqrt[3]*SK[9] + 2*SK[11] - SK[12])) + y*(x^2 + y^2)*z*(x^2*(Sqrt[3]*SK[9] + 2*SK[11] - SK[12]) + y^2*(-2*SK[11] + Sqrt[3]*SK[15])))/((x^2 + y^2)*(x^2 + y^2 + z^2)^2)}
{py, 1, -1, py, 1, -1, dz2, 2, 0, -(-2*z^4*SK[9] + x^4*(SK[9] + Sqrt[3]*SK[12]) + y^2*z^2*(SK[9] + Sqrt[3]*SK[10] + 4*Sqrt[3]*SK[11] - 2*SK[15]) + y^4*SK[15] + x^2*(z^2*(-SK[9] + Sqrt[3]*SK[12]) + y^2*(SK[9] + Sqrt[3]*SK[12] + SK[15])))/(2*(x^2 + y^2 + z^2)^2)}
{py, 1, -1, py, 1, -1, dzx, 2, 1, (x*z^3*(x^2*(Sqrt[3]*SK[9] + SK[12]) + y^2*(Sqrt[3]*SK[9] + SK[10] + 2*SK[12])) + x*(x^2 + y^2)*z*(x^2*(Sqrt[3]*SK[9] + SK[12]) + y^2*(-4*SK[11] + 2*SK[12] + Sqrt[3]*SK[15])))/((x^2 + y^2)*(x^2 + y^2 + z^2)^2)}
{py, 1, -1, py, 1, -1, dx2y2, 2, 2, (2*y^4*z^4*SK[10] + y^6*z^2*(-(Sqrt[3]*SK[9]) + SK[10] - 4*SK[11]) + x^8*(Sqrt[3]*SK[9] - SK[12]) - Sqrt[3]*y^8*SK[15] - x^4*(2*z^4*SK[12] + y^2*z^2*(-(Sqrt[3]*SK[9]) + SK[10] + 4*SK[11] + 8*SK[12]) + y^4*(Sqrt[3]*SK[9] + 16*SK[11] - SK[12] - Sqrt[3]*SK[15])) + x^6*(z^2*(Sqrt[3]*SK[9] - 3*SK[12]) + y^2*(Sqrt[3]*SK[9] - 8*SK[11] - SK[12] + Sqrt[3]*SK[15])) - x^2*y^2*(2*z^4*(SK[10] + 3*SK[12]) + y^2*z^2*(Sqrt[3]*SK[9] + 8*SK[11] + 5*SK[12]) + y^4*(Sqrt[3]*SK[9] + 8*SK[11] - SK[12] + Sqrt[3]*SK[15])))/(2*(x^2 + y^2)^2*(x^2 + y^2 + z^2)^2)}
{py, 1, -1, pz, 1, 0, s, 0, 0, (y*z*(-SK[6] + SK[13]))/(x^2 + y^2 + z^2)}
{py, 1, -1, pz, 1, 0, py, 1, -1, (z*((x^2 + z^2)*SK[8] - y^2*(SK[7] + SK[8] - SK[14])))/(x^2 + y^2 + z^2)^(3/2)}
{py, 1, -1, pz, 1, 0, pz, 1, 0, (y*((x^2 + y^2)*SK[8] - z^2*(SK[7] + SK[8] - SK[14])))/(x^2 + y^2 + z^2)^(3/2)}
{py, 1, -1, pz, 1, 0, px, 1, 1, (x*y*z*(-SK[7] - 2*SK[8] + SK[14]))/(x^2 + y^2 + z^2)^(3/2)}
{py, 1, -1, pz, 1, 0, dxy, 2, -2, (x*z^3*(x^2*(SK[11] - SK[12]) + y^2*(2*SK[10] + SK[11] + SK[12])) + x*(x^2 + y^2)*z*(x^2*(SK[11] - SK[12]) + y^2*(-(Sqrt[3]*SK[9]) + SK[10] - 3*SK[11] + SK[12] + Sqrt[3]*SK[15])))/((x^2 + y^2)*(x^2 + y^2 + z^2)^2)}
{py, 1, -1, pz, 1, 0, dyz, 2, -1, (y^4*SK[11] + (x^2 + z^2)*(z^2*SK[11] + x^2*SK[12]) + y^2*(x^2*(SK[11] + SK[12]) - z^2*(Sqrt[3]*SK[9] + SK[10] + 2*SK[11] - Sqrt[3]*SK[15])))/(x^2 + y^2 + z^2)^2}
{py, 1, -1, pz, 1, 0, dz2, 2, 0, (y*z*(-2*z^2*(SK[9] + Sqrt[3]*SK[11] - SK[15]) + x^2*(SK[9] + Sqrt[3]*SK[10] + 2*Sqrt[3]*SK[11] - SK[15]) + y^2*(SK[9] + Sqrt[3]*SK[10] + 2*Sqrt[3]*SK[11] - SK[15])))/(2*(x^2 + y^2 + z^2)^2)}
{py, 1, -1, pz, 1, 0, dzx, 2, 1, (x*y*((x^2 + y^2)*(SK[11] - SK[12]) - z^2*(Sqrt[3]*SK[9] + SK[10] + 3*SK[11] + SK[12] - Sqrt[3]*SK[15])))/(x^2 + y^2 + z^2)^2}
{py, 1, -1, pz, 1, 0, dx2y2, 2, 2, (-2*y*z^3*(y^2*(SK[10] + SK[11]) + x^2*(-SK[10] + SK[11] - 2*SK[12])) + y*(x^2 + y^2)*z*(y^2*(Sqrt[3]*SK[9] - SK[10] + 2*SK[11] - Sqrt[3]*SK[15]) + x^2*(-(Sqrt[3]*SK[9]) + SK[10] - 6*SK[11] + 4*SK[12] + Sqrt[3]*SK[15])))/(2*(x^2 + y^2)*(x^2 + y^2 + z^2)^2)}
{py, 1, -1, px, 1, 1, s, 0, 0, (x*y*(-SK[6] + SK[13]))/(x^2 + y^2 + z^2)}
{py, 1, -1, px, 1, 1, py, 1, -1, (x*((x^2 + z^2)*SK[8] - y^2*(SK[7] + SK[8] - SK[14])))/(x^2 + y^2 + z^2)^(3/2)}
{py, 1, -1, px, 1, 1, pz, 1, 0, (x*y*z*(-SK[7] - 2*SK[8] + SK[14]))/(x^2 + y^2 + z^2)^(3/2)}
{py, 1, -1, px, 1, 1, px, 1, 1, (y*((y^2 + z^2)*SK[8] - x^2*(SK[7] + SK[8] - SK[14])))/(x^2 + y^2 + z^2)^(3/2)}
